0 info it worked if it ends with ok
1 verbose cli [ '/usr/bin/nodejs',
1 verbose cli   '/usr/bin/npm',
1 verbose cli   'install',
1 verbose cli   'express',
1 verbose cli   '--save' ]
2 info using npm@1.3.10
3 info using node@v0.10.25
4 warn package.json RedScare@0.0.0 No description
5 warn package.json RedScare@0.0.0 No repository field.
6 warn package.json RedScare@0.0.0 No README data
7 verbose readDependencies using package.json deps
8 verbose cache add [ 'express', null ]
9 verbose cache add name=undefined spec="express" args=["express",null]
10 verbose parsed url { protocol: null,
10 verbose parsed url   slashes: null,
10 verbose parsed url   auth: null,
10 verbose parsed url   host: null,
10 verbose parsed url   port: null,
10 verbose parsed url   hostname: null,
10 verbose parsed url   hash: null,
10 verbose parsed url   search: null,
10 verbose parsed url   query: null,
10 verbose parsed url   pathname: 'express',
10 verbose parsed url   path: 'express',
10 verbose parsed url   href: 'express' }
11 silly lockFile f3c62de4-express express
12 verbose lock express /home/JFitton/.npm/f3c62de4-express.lock
13 silly lockFile f3c62de4-express express
14 silly lockFile f3c62de4-express express
15 verbose addNamed [ 'express', '' ]
16 verbose addNamed [ null, '*' ]
17 silly lockFile 64a534c1-express express@
18 verbose lock express@ /home/JFitton/.npm/64a534c1-express.lock
19 silly addNameRange { name: 'express', range: '*', hasData: false }
20 verbose url raw express
21 verbose url resolving [ 'https://registry.npmjs.org/', './express' ]
22 verbose url resolved https://registry.npmjs.org/express
23 info trying registry request attempt 1 at 10:37:27
24 http GET https://registry.npmjs.org/express
25 info retry will retry, error on last attempt: Error: CERT_UNTRUSTED
26 info trying registry request attempt 2 at 10:37:37
27 http GET https://registry.npmjs.org/express
28 info retry will retry, error on last attempt: Error: CERT_UNTRUSTED
29 info trying registry request attempt 3 at 10:38:37
30 http GET https://registry.npmjs.org/express
31 silly lockFile 64a534c1-express express@
32 silly lockFile 64a534c1-express express@
33 error Error: CERT_UNTRUSTED
33 error     at SecurePair.<anonymous> (tls.js:1370:32)
33 error     at SecurePair.EventEmitter.emit (events.js:92:17)
33 error     at SecurePair.maybeInitFinished (tls.js:982:10)
33 error     at CleartextStream.read [as _read] (tls.js:469:13)
33 error     at CleartextStream.Readable.read (_stream_readable.js:320:10)
33 error     at EncryptedStream.write [as _write] (tls.js:366:25)
33 error     at doWrite (_stream_writable.js:223:10)
33 error     at writeOrBuffer (_stream_writable.js:213:5)
33 error     at EncryptedStream.Writable.write (_stream_writable.js:180:11)
33 error     at write (_stream_readable.js:583:24)
34 error If you need help, you may report this log at:
34 error     <http://github.com/isaacs/npm/issues>
34 error or email it to:
34 error     <npm-@googlegroups.com>
35 error System Linux 4.4.0-43-Microsoft
36 error command "/usr/bin/nodejs" "/usr/bin/npm" "install" "express" "--save"
37 error cwd /mnt/c/Users/Jesse/WebstormProjects/RedScare
38 error node -v v0.10.25
39 error npm -v 1.3.10
40 verbose exit [ 1, true ]
